Arguments: 
  /Users/j/.nvm/versions/node/v14.10.1/bin/node /usr/local/Cellar/yarn/1.22.10/libexec/bin/yarn.js add jest

PATH: 
  /Users/j/.rbenv/shims:/Users/j/.gem/ruby/2.7.0/bin:/Users/j/.cargo/bin:/Users/j/.nvm/versions/node/v14.10.1/bin:/Users/j/.composer/vendor/bin/phpcs:/usr/local/opt/sphinx-doc/bin:/usr/local/opt/coreutils/libexec/gnubin:/opt/apache-maven-3.6.0/bin:/Users/j/.nvm/versions/node/v14.10.1/bin:/Library/Frameworks/Python.framework/Versions/3.8/bin:/Users/j/.cargo/bin:/usr/local/bin:/usr/bin:/bin:/usr/sbin:/sbin:/usr/local/share/dotnet:~/.dotnet/tools:/Library/Apple/usr/bin:/Library/Frameworks/Mono.framework/Versions/Current/Commands:/Users/j/.rbenv/shims:/Users/j/.gem/ruby/2.7.0/bin:/Users/j/.cargo/bin:/Users/j/.composer/vendor/bin/phpcs:/usr/local/opt/sphinx-doc/bin:/usr/local/opt/coreutils/libexec/gnubin:/opt/apache-maven-3.6.0/bin:/Users/j/.nvm/versions/node/v14.10.1/bin:/Library/Frameworks/Python.framework/Versions/3.8/bin:/usr/local/go/bin:/Users/j/development/flutter/bin:/usr/local/go/bin:/Users/j/.cargo/bin:/Users/j/development/flutter/bin

Yarn version: 
  1.22.10

Node version: 
  14.10.1

Platform: 
  darwin x64

Trace: 
  Error: https://registry.yarnpkg.com/jest: tunneling socket could not be established, cause=connect ECONNREFUSED 127.0.0.1:1087
      at ClientRequest.onError (/usr/local/Cellar/yarn/1.22.10/libexec/lib/cli.js:152235:17)
      at Object.onceWrapper (events.js:421:26)
      at ClientRequest.emit (events.js:314:20)
      at Socket.socketErrorListener (_http_client.js:469:9)
      at Socket.emit (events.js:314:20)
      at emitErrorNT (internal/streams/destroy.js:106:8)
      at emitErrorCloseNT (internal/streams/destroy.js:74:3)
      at processTicksAndRejections (internal/process/task_queues.js:80:21)

npm manifest: 
  {
    "name": "rentoojs",
    "version": "1.0.14",
    "description": "",
    "main": "index.js",
    "scripts": {
      "test": "echo \"Error: no test specified\" && exit 1"
    },
    "repository": {
      "type": "git",
      "url": "git+https://github.com/dreamYiZ/rentoojs.git"
    },
    "keywords": [
      "js"
    ],
    "author": "rentoo",
    "license": "ISC",
    "bugs": {
      "url": "https://github.com/dreamYiZ/rentoojs/issues"
    },
    "homepage": "https://github.com/dreamYiZ/rentoojs#readme"
  }

yarn manifest: 
  No manifest

Lockfile: 
  No lockfile
